%!Adobe-FontList 1.19
%Locale:0x409

%BeginFont
Handler:DirectoryHandler
FontType:Invalid
OutlineFileName:\HelveNeuBol
FileModTime:1540909212
%EndFont

%BeginFont
Handler:DirectoryHandler
FontType:Invalid
OutlineFileName:\HelveNeuLig
FileModTime:1540909212
%EndFont

%BeginFont
Handler:DirectoryHandler
FontType:Invalid
OutlineFileName:\Helvetica_Neue_3
FileModTime:1540909212
%EndFont

%BeginFont
Handler:DirectoryHandler
FontType:Invalid
OutlineFileName:\HelveticaNeue
FileModTime:1540909212
%EndFont

